Determining if the __arm__ exist failed with the following output:
Change Dir: /home/orin/Desktop/emgucv-4.6.0/platforms/ubuntu/22.04/build/CMakeFiles/CMakeTmp

Run Build Command(s):/usr/bin/gmake -f Makefile cmTC_cf96c/fast && /usr/bin/gmake  -f CMakeFiles/cmTC_cf96c.dir/build.make CMakeFiles/cmTC_cf96c.dir/build
gmake[1]: Entering directory '/home/orin/Desktop/emgucv-4.6.0/platforms/ubuntu/22.04/build/CMakeFiles/CMakeTmp'
Building C object CMakeFiles/cmTC_cf96c.dir/CheckSymbolExists.c.o
/usr/bin/cc   -fPIE -o CMakeFiles/cmTC_cf96c.dir/CheckSymbolExists.c.o -c /home/orin/Desktop/emgucv-4.6.0/platforms/ubuntu/22.04/build/CMakeFiles/CMakeTmp/CheckSymbolExists.c
/home/orin/Desktop/emgucv-4.6.0/platforms/ubuntu/22.04/build/CMakeFiles/CMakeTmp/CheckSymbolExists.c: In function ‘main’:
/home/orin/Desktop/emgucv-4.6.0/platforms/ubuntu/22.04/build/CMakeFiles/CMakeTmp/CheckSymbolExists.c:7:19: error: ‘__arm__’ undeclared (first use in this function)
    7 |   return ((int*)(&__arm__))[argc];
      |                   ^~~~~~~
/home/orin/Desktop/emgucv-4.6.0/platforms/ubuntu/22.04/build/CMakeFiles/CMakeTmp/CheckSymbolExists.c:7:19: note: each undeclared identifier is reported only once for each function it appears in
gmake[1]: *** [CMakeFiles/cmTC_cf96c.dir/build.make:78: CMakeFiles/cmTC_cf96c.dir/CheckSymbolExists.c.o] Error 1
gmake[1]: Leaving directory '/home/orin/Desktop/emgucv-4.6.0/platforms/ubuntu/22.04/build/CMakeFiles/CMakeTmp'
gmake: *** [Makefile:127: cmTC_cf96c/fast] Error 2


File /home/orin/Desktop/emgucv-4.6.0/platforms/ubuntu/22.04/build/CMakeFiles/CMakeTmp/CheckSymbolExists.c:
/* */

int main(int argc, char** argv)
{
  (void)argv;
#ifndef __arm__
  return ((int*)(&__arm__))[argc];
#else
  (void)argc;
  return 0;
#endif
}
